*****************13/10/2016 08:31:04.177*****************
08:31:04.189 -> Devox v 1.2.160808.14
08:31:19.884 -> Nuevo intento de acceso con usuario: admin
08:31:21.315 -> Ingresó como usuario con permisos
08:31:21.450 -> El usario cerró el programa

08:31:21.582 -> Se abrió una nueva ventana Home
08:31:21.591 -> Actions created
08:31:23.520 -> nuevaDevolucion con posicion captura: 0
08:31:23.601 -> Nueva devolución: 000980
08:31:43.971 -> Abre ver devoluciones
08:31:45.212 -> creada la cuadricula 979
08:31:45.274 -> creada la cuadricula 978
08:31:45.332 -> creada la cuadricula 977
08:31:45.391 -> creada la cuadricula 976
08:31:45.446 -> creada la cuadricula 975
08:31:45.505 -> creada la cuadricula 974
08:31:45.564 -> creada la cuadricula 973
08:31:45.608 -> creada la cuadricula 972
08:31:45.655 -> creada la cuadricula 971
08:31:45.699 -> creada la cuadricula 970
08:31:45.800 -> creada la cuadricula 969
08:31:45.843 -> creada la cuadricula 968
08:31:45.892 -> creada la cuadricula 967
08:31:45.937 -> creada la cuadricula 966
08:31:45.989 -> creada la cuadricula 965
08:31:46.225 -> creada la cuadricula 964
08:31:46.310 -> creada la cuadricula 963
08:31:46.358 -> creada la cuadricula 962
08:31:46.433 -> creada la cuadricula 961
08:31:46.535 -> creada la cuadricula 960
08:31:46.621 -> creada la cuadricula 959
08:31:46.669 -> creada la cuadricula 958
08:31:46.726 -> creada la cuadricula 957
08:31:46.790 -> creada la cuadricula 956
08:31:46.847 -> creada la cuadricula 955
08:31:46.895 -> creada la cuadricula 954
08:31:47.038 -> creada la cuadricula 953
08:31:47.101 -> creada la cuadricula 952
08:31:47.137 -> creada la cuadricula 951
08:31:47.170 -> creada la cuadricula 950
08:31:47.204 -> creada la cuadricula 949
08:31:47.241 -> creada la cuadricula 948
08:31:47.278 -> creada la cuadricula 947
08:31:47.312 -> creada la cuadricula 946
08:31:47.347 -> creada la cuadricula 945
08:31:47.380 -> creada la cuadricula 944
08:31:47.415 -> creada la cuadricula 943
08:31:47.451 -> creada la cuadricula 942
08:31:47.483 -> creada la cuadricula 941
08:31:47.516 -> creada la cuadricula 940
08:31:47.546 -> creada la cuadricula 939
08:31:47.580 -> creada la cuadricula 938
08:31:47.619 -> creada la cuadricula 937
08:31:47.654 -> creada la cuadricula 936
08:31:47.686 -> creada la cuadricula 935
08:31:47.718 -> creada la cuadricula 934
08:31:47.750 -> creada la cuadricula 933
08:31:47.785 -> creada la cuadricula 932
08:31:47.836 -> creada la cuadricula 931
08:31:47.877 -> creada la cuadricula 930
08:31:47.912 -> creada la cuadricula 929
08:31:47.943 -> creada la cuadricula 928
08:31:47.984 -> creada la cuadricula 927
08:31:48.016 -> creada la cuadricula 926
08:31:48.048 -> creada la cuadricula 925
08:31:48.078 -> creada la cuadricula 924
08:31:48.108 -> creada la cuadricula 923
08:31:48.138 -> creada la cuadricula 922
08:31:48.173 -> creada la cuadricula 921
08:31:48.211 -> creada la cuadricula 919
08:31:48.241 -> creada la cuadricula 918
08:31:48.272 -> creada la cuadricula 917
08:31:48.303 -> creada la cuadricula 916
08:31:48.363 -> creada la cuadricula 915
08:31:48.391 -> creada la cuadricula 914
08:31:48.420 -> creada la cuadricula 913
08:31:48.445 -> creada la cuadricula 912
08:31:48.471 -> creada la cuadricula 911
08:31:48.499 -> creada la cuadricula 910
08:31:48.528 -> creada la cuadricula 909
08:31:48.552 -> creada la cuadricula 908
08:31:48.579 -> creada la cuadricula 907
08:31:48.607 -> creada la cuadricula 906
08:31:48.633 -> creada la cuadricula 905
08:31:48.662 -> creada la cuadricula 904
08:31:48.694 -> creada la cuadricula 903
08:31:48.721 -> creada la cuadricula 902
08:31:48.751 -> creada la cuadricula 901
08:31:48.779 -> creada la cuadricula 900
08:31:48.805 -> creada la cuadricula 899
08:31:48.833 -> creada la cuadricula 898
08:31:48.861 -> creada la cuadricula 897
08:31:48.890 -> creada la cuadricula 896
08:31:48.919 -> creada la cuadricula 895
08:31:48.949 -> creada la cuadricula 894
08:31:48.982 -> creada la cuadricula 893
08:31:49.010 -> creada la cuadricula 892
08:31:49.033 -> creada la cuadricula 891
08:31:49.058 -> creada la cuadricula 890
08:31:49.091 -> creada la cuadricula 889
08:31:49.119 -> creada la cuadricula 888
08:31:49.144 -> creada la cuadricula 887
08:31:49.170 -> creada la cuadricula 886
08:31:49.196 -> creada la cuadricula 885
08:31:49.222 -> creada la cuadricula 884
08:31:49.249 -> creada la cuadricula 883
08:31:49.271 -> creada la cuadricula 882
08:31:49.374 -> creada la cuadricula 881
08:31:49.415 -> creada la cuadricula 880
08:31:49.441 -> creada la cuadricula 879
08:31:49.467 -> creada la cuadricula 878
08:31:49.497 -> creada la cuadricula 877
08:31:49.523 -> creada la cuadricula 876
08:31:49.548 -> creada la cuadricula 875
08:31:49.571 -> creada la cuadricula 874
08:31:49.592 -> creada la cuadricula 873
08:31:49.620 -> creada la cuadricula 872
08:31:49.644 -> creada la cuadricula 871
08:31:49.671 -> creada la cuadricula 870
08:31:49.697 -> creada la cuadricula 869
08:31:49.720 -> creada la cuadricula 868
08:31:49.751 -> creada la cuadricula 867
08:31:49.777 -> creada la cuadricula 866
08:31:49.802 -> creada la cuadricula 865
08:31:49.833 -> creada la cuadricula 864
08:31:49.857 -> creada la cuadricula 863
08:31:49.883 -> creada la cuadricula 862
08:31:49.908 -> creada la cuadricula 861
08:31:49.938 -> creada la cuadricula 860
08:31:49.965 -> creada la cuadricula 859
08:31:49.987 -> creada la cuadricula 858
08:31:50.014 -> creada la cuadricula 857
08:31:50.040 -> creada la cuadricula 856
08:31:50.067 -> creada la cuadricula 855
08:31:50.094 -> creada la cuadricula 854
08:31:50.128 -> creada la cuadricula 853
08:31:50.154 -> creada la cuadricula 852
08:31:50.190 -> creada la cuadricula 851
08:31:50.220 -> creada la cuadricula 850
08:31:50.246 -> creada la cuadricula 849
08:31:50.268 -> creada la cuadricula 848
08:31:50.295 -> creada la cuadricula 847
08:31:50.320 -> creada la cuadricula 846
08:31:50.343 -> creada la cuadricula 845
08:31:50.373 -> creada la cuadricula 844
08:31:50.398 -> creada la cuadricula 843
08:31:50.426 -> creada la cuadricula 842
08:31:50.453 -> creada la cuadricula 841
08:31:50.476 -> creada la cuadricula 840
08:31:50.531 -> creada la cuadricula 839
08:31:50.553 -> creada la cuadricula 838
08:31:50.577 -> creada la cuadricula 837
08:31:50.603 -> creada la cuadricula 836
08:31:50.624 -> creada la cuadricula 835
08:31:50.643 -> creada la cuadricula 834
08:31:50.665 -> creada la cuadricula 833
08:31:50.685 -> creada la cuadricula 832
08:31:50.706 -> creada la cuadricula 831
08:31:50.726 -> creada la cuadricula 830
08:31:50.756 -> creada la cuadricula 829
08:31:50.779 -> creada la cuadricula 828
08:31:50.802 -> creada la cuadricula 827
08:31:50.823 -> creada la cuadricula 826
08:31:50.846 -> creada la cuadricula 825
08:31:50.867 -> creada la cuadricula 824
08:31:50.893 -> creada la cuadricula 823
08:31:50.919 -> creada la cuadricula 822
08:31:50.944 -> creada la cuadricula 821
08:31:50.965 -> creada la cuadricula 820
08:31:51.001 -> creada la cuadricula 819
08:31:51.030 -> creada la cuadricula 818
08:31:51.064 -> creada la cuadricula 817
08:31:51.086 -> creada la cuadricula 816
08:31:51.104 -> creada la cuadricula 815
08:31:51.126 -> creada la cuadricula 814
08:31:51.148 -> creada la cuadricula 813
08:31:51.171 -> creada la cuadricula 812
08:31:51.195 -> creada la cuadricula 811
08:31:51.219 -> creada la cuadricula 810
08:31:51.247 -> creada la cuadricula 809
08:31:51.274 -> creada la cuadricula 808
08:31:51.299 -> creada la cuadricula 807
08:31:51.330 -> creada la cuadricula 806
08:31:51.361 -> creada la cuadricula 805
08:31:51.390 -> creada la cuadricula 804
08:31:51.424 -> creada la cuadricula 803
08:31:51.454 -> creada la cuadricula 802
08:31:51.482 -> creada la cuadricula 801
08:31:51.512 -> creada la cuadricula 800
08:31:51.541 -> creada la cuadricula 799
08:31:51.607 -> creada la cuadricula 798
08:31:51.631 -> creada la cuadricula 797
08:31:51.653 -> creada la cuadricula 796
08:31:51.676 -> creada la cuadricula 795
08:31:51.700 -> creada la cuadricula 794
08:31:51.723 -> creada la cuadricula 793
08:31:51.750 -> creada la cuadricula 792
08:31:51.774 -> creada la cuadricula 791
08:31:51.795 -> creada la cuadricula 790
08:31:51.817 -> creada la cuadricula 789
08:31:51.840 -> creada la cuadricula 788
08:31:51.876 -> creada la cuadricula 787
08:31:51.897 -> creada la cuadricula 786
08:31:51.917 -> creada la cuadricula 785
08:31:51.938 -> creada la cuadricula 784
08:31:51.967 -> creada la cuadricula 783
08:31:51.997 -> creada la cuadricula 782
08:31:52.024 -> creada la cuadricula 781
08:31:52.053 -> creada la cuadricula 780
08:31:52.079 -> creada la cuadricula 779
08:31:52.103 -> creada la cuadricula 778
08:31:52.128 -> creada la cuadricula 777
08:31:52.152 -> creada la cuadricula 776
08:31:52.178 -> creada la cuadricula 775
08:31:52.201 -> creada la cuadricula 774
08:31:52.223 -> creada la cuadricula 773
08:31:52.245 -> creada la cuadricula 772
08:31:52.268 -> creada la cuadricula 771
08:31:52.296 -> creada la cuadricula 770
08:31:52.323 -> creada la cuadricula 769
08:31:52.350 -> creada la cuadricula 768
08:31:52.377 -> creada la cuadricula 767
08:31:52.403 -> creada la cuadricula 766
08:31:52.433 -> creada la cuadricula 765
08:31:52.461 -> creada la cuadricula 764
08:31:52.489 -> creada la cuadricula 763
08:31:52.524 -> creada la cuadricula 762
08:31:52.550 -> creada la cuadricula 761
08:31:52.579 -> creada la cuadricula 760
08:31:52.608 -> creada la cuadricula 759
08:31:52.630 -> creada la cuadricula 758
08:31:52.709 -> creada la cuadricula 757
08:31:52.733 -> creada la cuadricula 756
08:31:52.774 -> creada la cuadricula 755
08:31:52.814 -> creada la cuadricula 754
08:31:52.857 -> creada la cuadricula 753
08:31:52.894 -> creada la cuadricula 752
08:31:52.922 -> creada la cuadricula 751
08:31:52.948 -> creada la cuadricula 750
08:31:52.970 -> creada la cuadricula 749
08:31:52.994 -> creada la cuadricula 748
08:31:53.015 -> creada la cuadricula 747
08:31:53.031 -> creada la cuadricula 746
08:31:53.052 -> creada la cuadricula 745
08:31:53.073 -> creada la cuadricula 744
08:31:53.096 -> creada la cuadricula 743
08:31:53.117 -> creada la cuadricula 742
08:31:53.136 -> Abre ver estados
08:31:53.139 -> creada la cuadricula 741
08:31:53.176 -> creada la cuadricula 740
08:31:53.211 -> creada la cuadricula 739
08:31:53.251 -> creada la cuadricula 738
08:31:53.275 -> creada la cuadricula 737
08:31:53.309 -> creada la cuadricula 736
08:31:53.341 -> creada la cuadricula 735
08:31:53.374 -> creada la cuadricula 734
08:31:53.397 -> creada la cuadricula 733
08:31:53.464 -> creada la cuadricula 732
08:31:53.500 -> creada la cuadricula 731
08:31:53.526 -> creada la cuadricula 730
08:31:53.663 -> creada la cuadricula 729
08:31:53.698 -> creada la cuadricula 728
08:31:53.730 -> creada la cuadricula 727
08:31:53.764 -> creada la cuadricula 726
08:31:53.798 -> creada la cuadricula 725
08:31:53.834 -> creada la cuadricula 724
08:31:53.869 -> creada la cuadricula 723
08:31:53.899 -> creada la cuadricula 722
08:31:53.933 -> creada la cuadricula 721
08:31:53.964 -> creada la cuadricula 720
08:31:53.988 -> creada la cuadricula 719
08:31:54.011 -> creada la cuadricula 718
08:31:54.028 -> creada la cuadricula 717
08:31:54.048 -> creada la cuadricula 716
08:31:54.178 -> creada la cuadricula 715
08:31:54.211 -> creada la cuadricula 714
08:31:54.802 -> creada la cuadricula 713
08:31:54.844 -> creada la cuadricula 712
08:31:54.872 -> creada la cuadricula 711
08:31:54.906 -> creada la cuadricula 710
08:31:54.937 -> creada la cuadricula 709
08:31:54.971 -> creada la cuadricula 708
08:31:55.002 -> creada la cuadricula 707
08:31:55.062 -> creada la cuadricula 706
08:31:55.115 -> creada la cuadricula 705
08:31:55.173 -> creada la cuadricula 704
08:31:55.217 -> creada la cuadricula 703
08:31:55.261 -> creada la cuadricula 702
08:31:55.310 -> creada la cuadricula 701
08:31:55.354 -> creada la cuadricula 700
08:31:55.383 -> creada la cuadricula 699
08:31:55.416 -> creada la cuadricula 698
08:31:55.445 -> creada la cuadricula 697
08:31:55.495 -> creada la cuadricula 696
08:31:55.541 -> creada la cuadricula 695
08:31:55.593 -> creada la cuadricula 694
08:31:55.646 -> creada la cuadricula 693
08:31:55.695 -> creada la cuadricula 692
08:31:55.750 -> creada la cuadricula 691
08:31:55.806 -> creada la cuadricula 690
08:31:55.850 -> creada la cuadricula 689
08:31:55.879 -> creada la cuadricula 688
08:31:55.922 -> creada la cuadricula 687
08:31:55.971 -> creada la cuadricula 686
08:31:56.017 -> creada la cuadricula 685
08:31:56.068 -> creada la cuadricula 684
08:31:56.109 -> creada la cuadricula 683
08:31:56.146 -> creada la cuadricula 682
08:31:56.186 -> creada la cuadricula 681
08:31:56.212 -> creada la cuadricula 680
08:31:56.337 -> creada la cuadricula 679
08:31:56.391 -> creada la cuadricula 678
08:31:56.417 -> creada la cuadricula 677
08:31:56.467 -> creada la cuadricula 676
08:31:56.496 -> creada la cuadricula 675
08:31:56.546 -> creada la cuadricula 674
08:31:56.595 -> creada la cuadricula 673
08:31:56.626 -> creada la cuadricula 672
08:31:56.669 -> creada la cuadricula 671
08:31:56.697 -> creada la cuadricula 670
08:31:56.741 -> creada la cuadricula 669
08:31:56.793 -> creada la cuadricula 668
08:31:56.823 -> creada la cuadricula 667
08:31:56.865 -> creada la cuadricula 666
08:31:56.934 -> creada la cuadricula 665
08:31:56.985 -> creada la cuadricula 664
08:31:57.032 -> creada la cuadricula 663
08:31:57.081 -> creada la cuadricula 662
08:31:57.129 -> creada la cuadricula 661
08:31:57.281 -> creada la cuadricula 660
08:31:57.326 -> creada la cuadricula 659
08:31:57.404 -> creada la cuadricula 658
08:31:57.441 -> creada la cuadricula 657
08:31:57.483 -> creada la cuadricula 656
08:31:57.602 -> creada la cuadricula 655
08:31:57.766 -> creada la cuadricula 654
08:31:57.802 -> creada la cuadricula 653
08:31:57.847 -> creada la cuadricula 652
08:31:57.902 -> creada la cuadricula 651
08:31:58.006 -> creada la cuadricula 650
08:31:58.089 -> creada la cuadricula 649
08:31:58.202 -> creada la cuadricula 648
08:31:58.229 -> creada la cuadricula 647
08:31:58.268 -> creada la cuadricula 646
08:31:58.323 -> creada la cuadricula 645
08:31:58.404 -> creada la cuadricula 644
08:31:58.447 -> creada la cuadricula 643
08:31:58.509 -> creada la cuadricula 642
08:31:58.567 -> creada la cuadricula 641
08:31:58.615 -> creada la cuadricula 640
08:31:58.657 -> creada la cuadricula 639
08:31:58.803 -> creada la cuadricula 638
08:31:58.884 -> creada la cuadricula 637
08:31:58.992 -> creada la cuadricula 636
08:31:59.051 -> creada la cuadricula 635
08:31:59.165 -> creada la cuadricula 634
08:31:59.262 -> creada la cuadricula 633
08:31:59.309 -> creada la cuadricula 632
08:31:59.368 -> creada la cuadricula 631
08:31:59.525 -> creada la cuadricula 630
08:31:59.561 -> creada la cuadricula 629
08:31:59.590 -> creada la cuadricula 628
08:31:59.650 -> creada la cuadricula 627
08:31:59.706 -> creada la cuadricula 626
08:31:59.751 -> creada la cuadricula 625
08:31:59.781 -> creada la cuadricula 624
08:31:59.858 -> creada la cuadricula 623
08:31:59.975 -> creada la cuadricula 622
08:32:00.012 -> creada la cuadricula 621
08:32:00.055 -> creada la cuadricula 620
08:32:00.081 -> creada la cuadricula 619
08:32:00.137 -> creada la cuadricula 618
08:32:00.176 -> creada la cuadricula 617
08:32:00.203 -> creada la cuadricula 616
08:32:00.230 -> creada la cuadricula 615
08:32:00.267 -> creada la cuadricula 614
08:32:00.324 -> creada la cuadricula 613
08:32:00.355 -> creada la cuadricula 612
08:32:00.393 -> creada la cuadricula 611
08:32:00.421 -> creada la cuadricula 610
08:32:00.449 -> creada la cuadricula 609
08:32:00.478 -> creada la cuadricula 608
08:32:00.512 -> creada la cuadricula 607
08:32:00.602 -> creada la cuadricula 606
08:32:00.652 -> creada la cuadricula 605
08:32:02.230 -> creada la cuadricula 604
08:32:02.286 -> creada la cuadricula 603
08:32:02.318 -> creada la cuadricula 602
08:32:02.412 -> creada la cuadricula 601
08:32:02.450 -> creada la cuadricula 600
08:32:02.482 -> creada la cuadricula 599
08:32:02.511 -> creada la cuadricula 598
08:32:02.543 -> creada la cuadricula 597
08:32:02.569 -> creada la cuadricula 596
08:32:02.600 -> creada la cuadricula 595
08:32:02.628 -> creada la cuadricula 594
08:32:02.655 -> creada la cuadricula 593
08:32:02.730 -> creada la cuadricula 592
08:32:02.761 -> creada la cuadricula 591
08:32:02.785 -> creada la cuadricula 590
08:32:02.813 -> creada la cuadricula 589
08:32:02.841 -> creada la cuadricula 588
08:32:02.872 -> creada la cuadricula 587
08:32:02.897 -> creada la cuadricula 586
08:32:03.031 -> creada la cuadricula 585
08:32:03.065 -> creada la cuadricula 584
08:32:03.089 -> creada la cuadricula 583
08:32:03.112 -> creada la cuadricula 582
08:32:03.153 -> creada la cuadricula 581
08:32:03.183 -> creada la cuadricula 580
08:32:03.211 -> creada la cuadricula 579
08:32:03.534 -> creada la cuadricula 578
08:32:03.555 -> creada la cuadricula 577
08:32:03.586 -> creada la cuadricula 576
08:32:03.609 -> creada la cuadricula 575
08:32:03.643 -> creada la cuadricula 574
08:32:03.670 -> creada la cuadricula 573
08:32:03.725 -> creada la cuadricula 572
08:32:03.758 -> creada la cuadricula 571
08:32:03.826 -> creada la cuadricula 570
08:32:03.861 -> creada la cuadricula 569
08:32:03.902 -> creada la cuadricula 568
08:32:03.953 -> creada la cuadricula 567
08:32:03.991 -> creada la cuadricula 566
08:32:04.033 -> creada la cuadricula 565
08:32:04.063 -> creada la cuadricula 564
08:32:04.098 -> creada la cuadricula 563
08:32:04.140 -> creada la cuadricula 562
08:32:04.177 -> creada la cuadricula 561
08:32:04.208 -> creada la cuadricula 560
08:32:04.251 -> creada la cuadricula 559
08:32:04.319 -> creada la cuadricula 558
08:32:04.372 -> creada la cuadricula 557
08:32:04.403 -> creada la cuadricula 556
08:32:04.481 -> creada la cuadricula 555
08:32:04.521 -> creada la cuadricula 554
08:32:04.634 -> creada la cuadricula 553
08:32:04.661 -> creada la cuadricula 552
08:32:04.702 -> creada la cuadricula 551
08:32:04.751 -> creada la cuadricula 550
08:32:04.815 -> creada la cuadricula 549
08:32:04.876 -> creada la cuadricula 548
08:32:04.924 -> creada la cuadricula 547
08:32:04.948 -> creada la cuadricula 546
08:32:04.972 -> creada la cuadricula 545
08:32:04.995 -> creada la cuadricula 544
08:32:05.017 -> creada la cuadricula 543
08:32:05.045 -> creada la cuadricula 542
08:32:05.087 -> creada la cuadricula 541
08:32:05.166 -> creada la cuadricula 540
08:32:05.191 -> creada la cuadricula 539
08:32:05.215 -> creada la cuadricula 538
08:32:05.240 -> creada la cuadricula 537
08:32:05.262 -> creada la cuadricula 536
08:32:05.292 -> creada la cuadricula 535
08:32:05.328 -> creada la cuadricula 534
08:32:05.370 -> creada la cuadricula 533
08:32:05.414 -> creada la cuadricula 532
08:32:05.450 -> creada la cuadricula 531
08:32:05.533 -> creada la cuadricula 530
08:32:05.564 -> creada la cuadricula 529
08:32:05.595 -> creada la cuadricula 528
08:32:05.625 -> creada la cuadricula 527
08:32:05.660 -> creada la cuadricula 526
08:32:05.723 -> creada la cuadricula 525
08:32:05.853 -> creada la cuadricula 524
08:32:05.876 -> creada la cuadricula 523
08:32:05.902 -> creada la cuadricula 522
08:32:05.960 -> creada la cuadricula 521
08:32:05.993 -> creada la cuadricula 520
08:32:06.028 -> creada la cuadricula 519
08:32:06.077 -> creada la cuadricula 518
08:32:06.118 -> creada la cuadricula 517
08:32:06.152 -> creada la cuadricula 516
08:32:06.193 -> creada la cuadricula 515
08:32:06.231 -> creada la cuadricula 514
08:32:06.272 -> creada la cuadricula 513
08:32:06.295 -> creada la cuadricula 512
08:32:06.328 -> creada la cuadricula 511
08:32:06.353 -> creada la cuadricula 510
08:32:06.381 -> creada la cuadricula 509
08:32:06.408 -> creada la cuadricula 508
08:32:06.477 -> creada la cuadricula 507
08:32:06.546 -> creada la cuadricula 506
08:32:06.603 -> creada la cuadricula 505
08:32:06.634 -> creada la cuadricula 504
08:32:06.668 -> creada la cuadricula 503
08:32:06.696 -> creada la cuadricula 502
08:32:06.725 -> creada la cuadricula 501
08:32:06.757 -> creada la cuadricula 500
08:32:06.786 -> creada la cuadricula 499
08:32:06.821 -> creada la cuadricula 498
08:32:06.935 -> creada la cuadricula 497
08:32:06.981 -> creada la cuadricula 496
08:32:07.040 -> creada la cuadricula 495
08:32:07.090 -> creada la cuadricula 494
08:32:07.167 -> creada la cuadricula 493
08:32:07.192 -> creada la cuadricula 492
08:32:07.217 -> creada la cuadricula 491
08:32:07.240 -> creada la cuadricula 490
08:32:07.261 -> creada la cuadricula 489
08:32:07.316 -> creada la cuadricula 488
08:32:07.379 -> creada la cuadricula 487
08:32:07.428 -> creada la cuadricula 486
08:32:07.483 -> creada la cuadricula 485
08:32:07.550 -> creada la cuadricula 484
08:32:07.588 -> creada la cuadricula 483
08:32:07.615 -> creada la cuadricula 482
08:32:07.640 -> creada la cuadricula 481
08:32:07.663 -> creada la cuadricula 480
08:32:07.691 -> creada la cuadricula 479
08:32:07.726 -> creada la cuadricula 478
08:32:07.754 -> creada la cuadricula 477
08:32:07.790 -> creada la cuadricula 476
08:32:07.822 -> creada la cuadricula 475
08:32:07.889 -> creada la cuadricula 474
08:32:07.930 -> creada la cuadricula 473
08:32:07.955 -> creada la cuadricula 472
08:32:08.109 -> creada la cuadricula 471
08:32:08.137 -> creada la cuadricula 470
08:32:08.165 -> creada la cuadricula 469
08:32:08.190 -> creada la cuadricula 468
08:32:08.222 -> creada la cuadricula 467
08:32:08.250 -> creada la cuadricula 466
08:32:08.288 -> creada la cuadricula 465
08:32:08.313 -> creada la cuadricula 464
08:32:08.336 -> creada la cuadricula 463
08:32:08.360 -> creada la cuadricula 462
08:32:08.404 -> creada la cuadricula 461
08:32:08.495 -> creada la cuadricula 460
08:32:08.577 -> creada la cuadricula 459
08:32:08.657 -> creada la cuadricula 458
08:32:08.740 -> creada la cuadricula 457
08:32:08.791 -> creada la cuadricula 456
08:32:08.850 -> creada la cuadricula 455
08:32:08.990 -> creada la cuadricula 454
08:32:09.052 -> creada la cuadricula 453
08:32:09.091 -> creada la cuadricula 452
08:32:09.125 -> creada la cuadricula 451
08:32:09.153 -> creada la cuadricula 450
08:32:09.197 -> creada la cuadricula 449
08:32:09.230 -> creada la cuadricula 448
08:32:09.253 -> creada la cuadricula 447
08:32:09.278 -> creada la cuadricula 446
08:32:09.364 -> creada la cuadricula 445
08:32:09.403 -> creada la cuadricula 444
08:32:09.436 -> creada la cuadricula 443
08:32:09.464 -> creada la cuadricula 442
08:32:09.496 -> creada la cuadricula 441
08:32:10.740 -> creada la cuadricula 440
08:32:10.817 -> creada la cuadricula 439
08:32:10.856 -> creada la cuadricula 438
08:32:10.881 -> creada la cuadricula 437
08:32:10.908 -> creada la cuadricula 436
08:32:10.939 -> creada la cuadricula 435
08:32:10.972 -> creada la cuadricula 434
08:32:11.000 -> creada la cuadricula 433
08:32:11.030 -> creada la cuadricula 432
08:32:11.070 -> creada la cuadricula 431
08:32:11.113 -> creada la cuadricula 430
08:32:11.149 -> creada la cuadricula 429
08:32:11.180 -> creada la cuadricula 428
08:32:11.203 -> creada la cuadricula 427
08:32:11.232 -> creada la cuadricula 426
08:32:11.265 -> creada la cuadricula 425
08:32:11.307 -> creada la cuadricula 424
08:32:11.360 -> creada la cuadricula 423
08:32:11.390 -> creada la cuadricula 422
08:32:11.419 -> creada la cuadricula 421
08:32:11.452 -> creada la cuadricula 420
08:32:11.478 -> creada la cuadricula 419
08:32:11.499 -> creada la cuadricula 418
08:32:11.521 -> creada la cuadricula 417
08:32:11.546 -> creada la cuadricula 416
08:32:11.611 -> creada la cuadricula 415
08:32:11.648 -> creada la cuadricula 414
08:32:11.837 -> creada la cuadricula 413
08:32:11.868 -> creada la cuadricula 412
08:32:11.902 -> creada la cuadricula 411
08:32:11.930 -> creada la cuadricula 410
08:32:11.969 -> creada la cuadricula 409
08:32:12.001 -> creada la cuadricula 408
08:32:12.056 -> creada la cuadricula 407
08:32:12.077 -> creada la cuadricula 406
08:32:12.097 -> creada la cuadricula 405
08:32:12.132 -> creada la cuadricula 404
08:32:12.161 -> creada la cuadricula 403
08:32:12.189 -> creada la cuadricula 402
08:32:12.216 -> creada la cuadricula 401
08:32:12.241 -> creada la cuadricula 400
08:32:12.273 -> creada la cuadricula 399
08:32:12.304 -> creada la cuadricula 398
08:32:12.356 -> creada la cuadricula 397
08:32:12.394 -> creada la cuadricula 396
08:32:12.428 -> creada la cuadricula 395
08:32:12.457 -> creada la cuadricula 394
08:32:12.485 -> creada la cuadricula 393
08:32:12.513 -> creada la cuadricula 392
08:32:12.540 -> creada la cuadricula 391
08:32:12.571 -> creada la cuadricula 390
08:32:12.621 -> creada la cuadricula 389
08:32:12.659 -> creada la cuadricula 388
08:32:12.685 -> creada la cuadricula 387
08:32:12.788 -> creada la cuadricula 386
08:32:12.811 -> creada la cuadricula 385
08:32:12.841 -> creada la cuadricula 384
08:32:12.873 -> creada la cuadricula 383
08:32:12.906 -> creada la cuadricula 382
08:32:12.934 -> creada la cuadricula 381
08:32:13.003 -> creada la cuadricula 380
08:32:13.034 -> creada la cuadricula 379
08:32:13.073 -> creada la cuadricula 378
08:32:13.102 -> creada la cuadricula 377
08:32:13.196 -> creada la cuadricula 376
08:32:13.217 -> creada la cuadricula 375
08:32:13.246 -> creada la cuadricula 374
08:32:13.271 -> creada la cuadricula 373
08:32:13.302 -> creada la cuadricula 372
08:32:13.342 -> creada la cuadricula 371
08:32:13.381 -> creada la cuadricula 370
08:32:13.418 -> creada la cuadricula 369
08:32:13.474 -> creada la cuadricula 368
08:32:13.512 -> creada la cuadricula 367
08:32:13.537 -> creada la cuadricula 366
08:32:13.561 -> creada la cuadricula 365
08:32:13.586 -> creada la cuadricula 364
08:32:13.608 -> creada la cuadricula 363
08:32:13.632 -> creada la cuadricula 362
08:32:13.656 -> creada la cuadricula 361
08:32:13.684 -> creada la cuadricula 360
08:32:13.858 -> creada la cuadricula 359
08:32:13.862 -> Abre ver catálogo
08:32:13.878 -> creada la cuadricula 358
08:32:13.901 -> creada la cuadricula 357
08:32:13.958 -> creada la cuadricula 356
08:32:13.981 -> creada la cuadricula 355
08:32:14.006 -> creada la cuadricula 354
08:32:14.030 -> creada la cuadricula 353
08:32:14.051 -> creada la cuadricula 352
08:32:14.094 -> creada la cuadricula 351
08:32:14.124 -> creada la cuadricula 350
08:32:14.150 -> creada la cuadricula 349
08:32:14.175 -> creada la cuadricula 348
08:32:14.203 -> creada la cuadricula 347
08:32:14.247 -> creada la cuadricula 346
08:32:14.278 -> creada la cuadricula 345
08:32:14.309 -> creada la cuadricula 344
08:32:14.333 -> creada la cuadricula 343
08:32:14.357 -> creada la cuadricula 342
08:32:14.381 -> creada la cuadricula 341
08:32:14.405 -> creada la cuadricula 340
08:32:14.436 -> creada la cuadricula 339
08:32:14.464 -> creada la cuadricula 338
08:32:14.492 -> creada la cuadricula 337
08:32:14.517 -> creada la cuadricula 336
08:32:14.540 -> creada la cuadricula 335
08:32:14.691 -> creada la cuadricula 334
08:32:14.726 -> creada la cuadricula 333
08:32:14.752 -> creada la cuadricula 332
08:32:14.785 -> creada la cuadricula 331
08:32:14.810 -> creada la cuadricula 330
08:32:14.843 -> creada la cuadricula 329
08:32:14.877 -> creada la cuadricula 328
08:32:14.902 -> creada la cuadricula 327
08:32:14.929 -> creada la cuadricula 326
08:32:14.954 -> creada la cuadricula 325
08:32:14.981 -> creada la cuadricula 324
08:32:15.000 -> creada la cuadricula 323
08:32:15.024 -> creada la cuadricula 322
08:32:15.048 -> creada la cuadricula 321
08:32:15.093 -> creada la cuadricula 320
08:32:15.151 -> creada la cuadricula 319
08:32:15.206 -> creada la cuadricula 318
08:32:15.227 -> creada la cuadricula 317
08:32:15.251 -> creada la cuadricula 316
08:32:15.273 -> creada la cuadricula 315
08:32:15.295 -> creada la cuadricula 314
08:32:15.316 -> creada la cuadricula 313
08:32:15.339 -> creada la cuadricula 312
08:32:15.361 -> creada la cuadricula 311
08:32:15.385 -> creada la cuadricula 310
08:32:15.538 -> creada la cuadricula 309
08:32:15.560 -> creada la cuadricula 308
08:32:15.581 -> creada la cuadricula 307
08:32:15.604 -> creada la cuadricula 306
08:32:15.625 -> creada la cuadricula 305
08:32:15.645 -> creada la cuadricula 304
08:32:15.670 -> creada la cuadricula 303
08:32:15.691 -> creada la cuadricula 302
08:32:15.715 -> creada la cuadricula 301
08:32:15.737 -> creada la cuadricula 300
08:32:15.760 -> creada la cuadricula 299
08:32:15.780 -> creada la cuadricula 298
08:32:15.801 -> creada la cuadricula 297
08:32:15.822 -> creada la cuadricula 296
08:32:15.843 -> creada la cuadricula 295
08:32:15.864 -> creada la cuadricula 294
08:32:15.890 -> creada la cuadricula 293
08:32:15.917 -> creada la cuadricula 292
08:32:15.940 -> creada la cuadricula 291
08:32:15.964 -> creada la cuadricula 290
08:32:15.984 -> creada la cuadricula 289
08:32:16.002 -> creada la cuadricula 288
08:32:16.020 -> creada la cuadricula 287
08:32:16.046 -> creada la cuadricula 286
08:32:16.070 -> creada la cuadricula 285
08:32:16.098 -> creada la cuadricula 284
08:32:16.120 -> creada la cuadricula 283
08:32:16.143 -> creada la cuadricula 282
08:32:16.166 -> creada la cuadricula 281
08:32:16.188 -> creada la cuadricula 280
08:32:16.302 -> creada la cuadricula 279
08:32:16.319 -> creada la cuadricula 278
08:32:16.344 -> creada la cuadricula 277
08:32:16.371 -> creada la cuadricula 276
08:32:16.388 -> creada la cuadricula 275
08:32:16.404 -> creada la cuadricula 274
08:32:16.422 -> creada la cuadricula 273
08:32:16.438 -> creada la cuadricula 271
08:32:16.456 -> creada la cuadricula 270
08:32:16.473 -> creada la cuadricula 269
08:32:16.490 -> creada la cuadricula 268
08:32:16.513 -> creada la cuadricula 267
08:32:16.531 -> creada la cuadricula 266
08:32:16.548 -> creada la cuadricula 265
08:32:16.573 -> creada la cuadricula 264
08:32:16.596 -> creada la cuadricula 263
08:32:16.620 -> creada la cuadricula 262
08:32:16.640 -> creada la cuadricula 261
08:32:16.663 -> creada la cuadricula 260
08:32:16.690 -> creada la cuadricula 259
08:32:16.709 -> creada la cuadricula 258
08:32:16.728 -> creada la cuadricula 257
08:32:16.746 -> creada la cuadricula 256
08:32:16.763 -> creada la cuadricula 255
08:32:16.782 -> creada la cuadricula 254
08:32:16.799 -> creada la cuadricula 253
08:32:16.817 -> creada la cuadricula 252
08:32:16.834 -> creada la cuadricula 251
08:32:16.851 -> creada la cuadricula 250
08:32:16.868 -> creada la cuadricula 249
08:32:18.973 -> creada la cuadricula 248
08:32:18.995 -> creada la cuadricula 247
08:32:19.012 -> creada la cuadricula 246
08:32:19.029 -> creada la cuadricula 245
08:32:19.048 -> creada la cuadricula 244
08:32:19.065 -> creada la cuadricula 243
08:32:19.084 -> creada la cuadricula 242
08:32:19.106 -> creada la cuadricula 241
08:32:19.127 -> creada la cuadricula 240
08:32:19.150 -> creada la cuadricula 239
08:32:19.185 -> creada la cuadricula 238
08:32:19.211 -> creada la cuadricula 237
08:32:19.231 -> creada la cuadricula 236
08:32:19.260 -> creada la cuadricula 235
08:32:19.283 -> creada la cuadricula 234
08:32:19.303 -> creada la cuadricula 233
08:32:19.330 -> creada la cuadricula 232
08:32:19.367 -> creada la cuadricula 231
08:32:19.400 -> creada la cuadricula 230
08:32:19.426 -> creada la cuadricula 229
08:32:19.446 -> creada la cuadricula 228
08:32:19.478 -> creada la cuadricula 227
08:32:19.501 -> creada la cuadricula 226
08:32:19.542 -> creada la cuadricula 225
08:32:19.562 -> creada la cuadricula 224
08:32:19.582 -> creada la cuadricula 223
08:32:19.622 -> creada la cuadricula 222
08:32:19.656 -> creada la cuadricula 221
08:32:19.691 -> creada la cuadricula 220
08:32:19.726 -> creada la cuadricula 219
08:32:19.746 -> creada la cuadricula 218
08:32:19.767 -> creada la cuadricula 217
08:32:19.786 -> creada la cuadricula 216
08:32:19.804 -> creada la cuadricula 215
08:32:19.823 -> creada la cuadricula 214
08:32:19.847 -> creada la cuadricula 213
08:32:19.876 -> creada la cuadricula 212
08:32:19.901 -> creada la cuadricula 211
08:32:19.923 -> creada la cuadricula 210
08:32:19.949 -> creada la cuadricula 209
08:32:19.970 -> creada la cuadricula 208
08:32:19.991 -> creada la cuadricula 207
08:32:20.017 -> creada la cuadricula 206
08:32:20.038 -> creada la cuadricula 205
08:32:20.060 -> creada la cuadricula 204
08:32:20.079 -> creada la cuadricula 203
08:32:20.099 -> creada la cuadricula 202
08:32:20.148 -> creada la cuadricula 201
08:32:20.172 -> creada la cuadricula 200
08:32:20.196 -> creada la cuadricula 199
08:32:20.221 -> creada la cuadricula 198
08:32:20.240 -> creada la cuadricula 197
08:32:20.260 -> creada la cuadricula 196
08:32:20.281 -> creada la cuadricula 195
08:32:20.303 -> creada la cuadricula 194
08:32:20.324 -> creada la cuadricula 193
08:32:20.345 -> creada la cuadricula 192
08:32:20.364 -> creada la cuadricula 191
08:32:20.379 -> creada la cuadricula 190
08:32:20.395 -> creada la cuadricula 189
08:32:20.411 -> creada la cuadricula 188
08:32:20.427 -> creada la cuadricula 187
08:32:20.445 -> creada la cuadricula 186
08:32:20.462 -> creada la cuadricula 185
08:32:20.481 -> creada la cuadricula 184
08:32:20.500 -> creada la cuadricula 183
08:32:20.521 -> creada la cuadricula 182
08:32:20.541 -> creada la cuadricula 181
08:32:20.560 -> creada la cuadricula 180
08:32:20.577 -> creada la cuadricula 179
08:32:20.597 -> creada la cuadricula 178
08:32:20.623 -> creada la cuadricula 177
08:32:20.690 -> creada la cuadricula 176
08:32:20.712 -> creada la cuadricula 175
08:32:20.733 -> creada la cuadricula 174
08:32:20.751 -> creada la cuadricula 173
08:32:20.770 -> creada la cuadricula 172
08:32:20.787 -> creada la cuadricula 171
08:32:20.804 -> creada la cuadricula 170
08:32:20.821 -> creada la cuadricula 169
08:32:20.844 -> creada la cuadricula 168
08:32:20.874 -> creada la cuadricula 167
08:32:20.896 -> creada la cuadricula 166
08:32:20.917 -> creada la cuadricula 165
08:32:20.941 -> creada la cuadricula 164
08:32:20.958 -> creada la cuadricula 163
08:32:20.973 -> creada la cuadricula 162
08:32:20.988 -> creada la cuadricula 161
08:32:21.005 -> creada la cuadricula 160
08:32:21.020 -> creada la cuadricula 159
08:32:21.033 -> creada la cuadricula 158
08:32:21.046 -> creada la cuadricula 157
08:32:21.060 -> creada la cuadricula 156
08:32:21.075 -> creada la cuadricula 155
08:32:21.088 -> creada la cuadricula 154
08:32:21.101 -> creada la cuadricula 153
08:32:21.115 -> creada la cuadricula 152
08:32:21.129 -> creada la cuadricula 151
08:32:21.142 -> creada la cuadricula 150
08:32:21.158 -> creada la cuadricula 149
08:32:21.173 -> creada la cuadricula 148
08:32:21.186 -> creada la cuadricula 147
08:32:21.200 -> creada la cuadricula 146
08:32:21.213 -> creada la cuadricula 145
08:32:21.226 -> creada la cuadricula 144
08:32:21.239 -> creada la cuadricula 143
08:32:21.307 -> creada la cuadricula 142
08:32:21.321 -> creada la cuadricula 141
08:32:21.334 -> creada la cuadricula 140
08:32:21.348 -> creada la cuadricula 139
08:32:21.362 -> creada la cuadricula 138
08:32:21.391 -> creada la cuadricula 137
08:32:21.410 -> creada la cuadricula 136
08:32:21.428 -> creada la cuadricula 135
08:32:21.444 -> creada la cuadricula 134
08:32:21.462 -> creada la cuadricula 133
08:32:21.477 -> creada la cuadricula 132
08:32:21.491 -> creada la cuadricula 131
08:32:21.507 -> creada la cuadricula 130
08:32:21.527 -> creada la cuadricula 129
08:32:21.544 -> creada la cuadricula 128
08:32:21.561 -> creada la cuadricula 127
08:32:21.579 -> creada la cuadricula 126
08:32:21.596 -> creada la cuadricula 125
08:32:21.613 -> creada la cuadricula 124
08:32:21.632 -> creada la cuadricula 123
08:32:21.649 -> creada la cuadricula 122
08:32:21.664 -> creada la cuadricula 121
08:32:21.681 -> creada la cuadricula 120
08:32:21.696 -> creada la cuadricula 119
08:32:21.712 -> creada la cuadricula 118
08:32:21.728 -> creada la cuadricula 117
08:32:21.744 -> creada la cuadricula 116
08:32:21.762 -> creada la cuadricula 115
08:32:21.780 -> creada la cuadricula 114
08:32:21.796 -> creada la cuadricula 113
08:32:21.812 -> creada la cuadricula 112
08:32:21.831 -> creada la cuadricula 111
08:32:21.849 -> creada la cuadricula 110
08:32:21.866 -> creada la cuadricula 109
08:32:21.883 -> creada la cuadricula 108
08:32:21.899 -> creada la cuadricula 107
08:32:21.916 -> creada la cuadricula 106
08:32:22.002 -> creada la cuadricula 105
08:32:22.016 -> creada la cuadricula 104
08:32:22.030 -> creada la cuadricula 103
08:32:22.044 -> creada la cuadricula 102
08:32:22.058 -> creada la cuadricula 101
08:32:22.074 -> creada la cuadricula 100
08:32:22.092 -> creada la cuadricula 99
08:32:22.113 -> creada la cuadricula 98
08:32:22.133 -> creada la cuadricula 97
08:32:22.149 -> creada la cuadricula 96
08:32:22.164 -> creada la cuadricula 95
08:32:22.185 -> creada la cuadricula 94
08:32:22.200 -> creada la cuadricula 93
08:32:22.214 -> creada la cuadricula 92
08:32:22.229 -> creada la cuadricula 91
08:32:22.245 -> creada la cuadricula 90
08:32:22.259 -> creada la cuadricula 89
08:32:22.275 -> creada la cuadricula 88
08:32:22.292 -> creada la cuadricula 87
08:32:22.309 -> creada la cuadricula 86
08:32:22.327 -> creada la cuadricula 84
08:32:22.342 -> creada la cuadricula 83
08:32:22.356 -> creada la cuadricula 37
08:32:22.372 -> creada la cuadricula 36
08:32:22.389 -> creada la cuadricula 35
08:32:22.403 -> creada la cuadricula 34
08:32:22.419 -> creada la cuadricula 33
08:32:22.436 -> creada la cuadricula 32
08:32:22.452 -> creada la cuadricula 31
08:32:22.466 -> creada la cuadricula 30
08:32:22.479 -> creada la cuadricula 29
08:32:22.492 -> creada la cuadricula 28
08:32:22.505 -> creada la cuadricula 27
08:32:22.518 -> creada la cuadricula 26
08:32:22.531 -> creada la cuadricula 24
08:32:22.545 -> creada la cuadricula 23
08:32:22.631 -> creada la cuadricula 18
08:32:22.643 -> creada la cuadricula 17
08:32:22.657 -> creada la cuadricula 16
08:32:22.671 -> creada la cuadricula 15
08:32:22.685 -> creada la cuadricula 13
08:32:22.698 -> creada la cuadricula 12
08:32:22.711 -> creada la cuadricula 11
08:32:22.724 -> creada la cuadricula 8
08:32:22.738 -> creada la cuadricula 7
08:32:22.752 -> creada la cuadricula 6
08:32:22.765 -> creada la cuadricula 5
08:32:22.778 -> creada la cuadricula 4
08:32:22.791 -> creada la cuadricula 3
08:32:22.804 -> creada la cuadricula 2
08:32:22.817 -> creada la cuadricula 1
08:32:27.976 -> Abre ver catálogo
